<?xml version="1.0" encoding="UTF-8"?>
<!-- Generated by org.testng.reporters.JUnitReportReporter -->
<testsuite hostname="DESKTOP-10A811K" failures="0" tests="4" name="TestngDemo.TestngClass" time="90.526" errors="0" timestamp="29 Jun 2019 17:39:51 GMT">
  <testcase classname="TestngDemo.TestngClass" name="four" time="0.001"/>
  <testcase classname="TestngDemo.TestngClass" name="third" time="0.033"/>
  <testcase classname="TestngDemo.TestngClass" name="second" time="0.000"/>
  <testcase classname="TestngDemo.TestngClass" name="first" time="90.492"/>
</testsuite> <!-- TestngDemo.TestngClass -->
