<?xml version="1.0" encoding="UTF-8"?>
<!-- Generated by org.testng.reporters.JUnitReportReporter -->
<testsuite hostname="DESKTOP-10A811K" failures="0" tests="2" name="TestngDemo.Nlate" time="32.547" errors="0" timestamp="30 Jul 2019 18:30:47 GMT">
  <testcase classname="TestngDemo.Nlate" name="m2" time="10.246"/>
  <testcase classname="TestngDemo.Nlate" name="m1" time="22.301"/>
</testsuite> <!-- TestngDemo.Nlate -->
