<?xml version="1.0" encoding="UTF-8"?>
<!-- Generated by org.testng.reporters.JUnitReportReporter -->
<testsuite hostname="DESKTOP-10A811K" failures="0" tests="1" name="TestngDemo.Bootstrap" time="3.094" errors="0" timestamp="15 Jul 2019 13:37:03 GMT">
  <testcase classname="TestngDemo.Bootstrap" name="first" time="3.094"/>
</testsuite> <!-- TestngDemo.Bootstrap -->
