<?xml version="1.0" encoding="UTF-8"?>
<!-- Generated by org.testng.reporters.JUnitReportReporter -->
<testsuite hostname="DESKTOP-10A811K" failures="0" tests="1" name="TestngDemo.Table" time="54.801" errors="0" timestamp="29 Jun 2019 19:49:29 GMT">
  <testcase classname="TestngDemo.Table" name="m1" time="54.801"/>
</testsuite> <!-- TestngDemo.Table -->
