<?xml version="1.0" encoding="UTF-8"?>
<!-- Generated by org.testng.reporters.JUnitReportReporter -->
<testsuite hostname="DESKTOP-10A811K" failures="0" tests="1" name="TestngDemo.Face" time="20.745" errors="0" timestamp="5 Dec 2019 13:24:30 GMT">
  <testcase classname="TestngDemo.Face" name="m2" time="20.745"/>
</testsuite> <!-- TestngDemo.Face -->
