<?xml version="1.0" encoding="UTF-8"?>
<!-- Generated by org.testng.reporters.JUnitReportReporter -->
<testsuite hostname="DESKTOP-10A811K" failures="0" tests="1" name="TestngDemo.Casestudy" time="10.673" errors="0" timestamp="15 Jul 2019 16:20:44 GMT">
  <testcase classname="TestngDemo.Casestudy" name="test6" time="10.673"/>
</testsuite> <!-- TestngDemo.Casestudy -->
