<?xml version="1.0" encoding="UTF-8"?>
<!-- Generated by org.testng.reporters.JUnitReportReporter -->
<testsuite hostname="DESKTOP-10A811K" failures="0" tests="1" name="TestngDemo.AssertDrop" time="0.512" errors="0" timestamp="3 Jul 2019 15:17:38 GMT">
  <testcase classname="TestngDemo.AssertDrop" name="eleSelected" time="0.512"/>
</testsuite> <!-- TestngDemo.AssertDrop -->
